<?xml version="1.0" encoding="UTF-8"?>
<testsuite name="android.net.UriTest" tests="7" skipped="0" failures="0" errors="0" timestamp="2026-09-17T20:47:13" hostname="enki" time="0.011">
  <properties/>
  <testcase name="equalityAndOrderFollowTheStringForm" classname="android.net.UriTest" time="0.005"/>
  <testcase name="buildUponPreservesTheOriginalAndAppends" classname="android.net.UriTest" time="0.0"/>
  <testcase name="parseKeepsOpaqueAndRelativeFormsIntact" classname="android.net.UriTest" time="0.0"/>
  <testcase name="parseSplitsEveryHierarchicalPart" classname="android.net.UriTest" time="0.004"/>
  <testcase name="encodeKeepsUnreservedSymbolsAndDecodeRestoresThem" classname="android.net.UriTest" time="0.001"/>
  <testcase name="builderEncodesSegmentsAndParameters" classname="android.net.UriTest" time="0.001"/>
  <testcase name="decodeLeavesMalformedEscapesAlone" classname="android.net.UriTest" time="0.0"/>
  <system-out><![CDATA[]]></system-out>
  <system-err><![CDATA[]]></system-err>
</testsuite>
